<?xml version="1.0" encoding="UTF-8"?>
<!-- Generated by org.testng.reporters.JUnitReportReporter -->
<testsuite name="com.qtpselenium.rediff.hybrid.testcases.portfoliosuite.LoginTestClass" tests="1" time="0.000" ignored="3" failures="0" timestamp="14 Sep 2019 18:12:20 GMT" skipped="1" hostname="DESKTOP-OKVASD1" errors="0">
  <testcase name="LoginTest" time="0.000" classname="com.qtpselenium.rediff.hybrid.testcases.portfoliosuite.LoginTestClass">
    <skipped/>
  </testcase> <!-- LoginTest -->
  <testcase name="init" classname="com.qtpselenium.rediff.hybrid.base.BaseTest">
    <skipped/>
  </testcase> <!-- init -->
  <testcase name="init" classname="com.qtpselenium.rediff.hybrid.base.BaseTest">
    <skipped/>
  </testcase> <!-- init -->
  <testcase name="init" classname="com.qtpselenium.rediff.hybrid.base.BaseTest">
    <skipped/>
  </testcase> <!-- init -->
</testsuite> <!-- com.qtpselenium.rediff.hybrid.testcases.portfoliosuite.LoginTestClass -->
