<?xml version="1.0" encoding="UTF-8"?>
<!-- Generated by org.testng.reporters.JUnitReportReporter -->
<testsuite name="com.qtpselenium.rediff.hybrid.testcases.portfoliosuite.CreateDeleteTest" tests="3" time="0.000" ignored="3" failures="0" timestamp="14 Sep 2019 18:12:20 GMT" skipped="3" hostname="DESKTOP-OKVASD1" errors="0">
  <testcase name="deletetest" time="0.000" classname="com.qtpselenium.rediff.hybrid.testcases.portfoliosuite.CreateDeleteTest">
    <skipped/>
  </testcase> <!-- deletetest -->
  <testcase name="createtest" time="0.000" classname="com.qtpselenium.rediff.hybrid.testcases.portfoliosuite.CreateDeleteTest">
    <skipped/>
  </testcase> <!-- createtest -->
  <testcase name="submitleave" time="0.000" classname="com.qtpselenium.rediff.hybrid.testcases.portfoliosuite.CreateDeleteTest">
    <skipped/>
  </testcase> <!-- submitleave -->
  <testcase name="init" classname="com.qtpselenium.rediff.hybrid.base.BaseTest">
    <skipped/>
  </testcase> <!-- init -->
  <testcase name="init" classname="com.qtpselenium.rediff.hybrid.base.BaseTest">
    <skipped/>
  </testcase> <!-- init -->
  <testcase name="init" classname="com.qtpselenium.rediff.hybrid.base.BaseTest">
    <skipped/>
  </testcase> <!-- init -->
</testsuite> <!-- com.qtpselenium.rediff.hybrid.testcases.portfoliosuite.CreateDeleteTest -->
